Jan 15, 2017 5:31:07 PM org.apache.catalina.core.AprLifecycleListener init
INFO: The APR based Apache Tomcat Native library which allows optimal performance in production environments was not found on the java.library.path: C:\Program Files\Java\jdk1.8.0_65\jre\bin;C:\Windows\Sun\Java\bin;C:\Windows\system32;C:\Windows;C:\Program Files\ConEmuPack\ConEmu\Scripts;C:\Program Files\ConEmuPack;C:\Program Files\ConEmuPack\ConEmu;C:\ProgramData\Oracle\Java\javapath;C:\Program Files\ImageMagick-6.8.9-Q16;C:\Windows\system32;C:\Windows;C:\Windows\System32\Wbem;C:\Windows\System32\WindowsPowerShell\v1.0\;C:\Program Files (x86)\Microsoft ASP.NET\ASP.NET Web Pages\v1.0\;C:\Program Files (x86)\Windows Kits\8.0\Windows Performance Toolkit\;C:\Program Files\Microsoft SQL Server\110\Tools\Binn\;C:\Program Files\MySQL\MySQL Server 5.5\bin;C:\Program Files\LizardTech\GeoExpress85\bin;C:\Program Files\LizardTech\GeoExpress85\tools\admin;c:\Program Files (x86)\Microsoft SQL Server\90\Tools\binn\;C:\apps\FME\;C:\Program Files (x86)\Microsoft SQL Server\100\Tools\Binn\;C:\Program Files\Microsoft SQL Server\100\Tools\Binn\;C:\Program Files\Microsoft SQL Server\100\DTS\Binn\;C:\Program Files (x86)\Microsoft SQL Server\100\Tools\Binn\VSShell\Common7\IDE\;C:\Program Files (x86)\Microsoft Visual Studio 9.0\Common7\IDE\PrivateAssemblies\;C:\Program Files (x86)\Microsoft SQL Server\100\DTS\Binn\;C:\Program Files\Microsoft\Web Platform Installer\;c:\Program Files\gradle-2.3\bin;C:\Program Files\TortoiseSVN\bin;C:\Program Files\Git\cmd;C:\Program Files\TortoiseGit\bin;C:\Program Files (x86)\Skype\Phone\;C:\ffmpeg\bin;C:\Windows\System32\Windows System Resource Manager\bin;C:\OpenSSL-Win32\bin;C:\Program Files\nodejs\;C:\Users\Erez.Guy\AppData\Roaming\npm;.
Jan 15, 2017 5:31:08 PM org.apache.coyote.AbstractProtocol init
INFO: Initializing ProtocolHandler ["http-bio-8080"]
Jan 15, 2017 5:31:08 PM org.apache.coyote.AbstractProtocol init
INFO: Initializing ProtocolHandler ["ajp-bio-8009"]
Jan 15, 2017 5:31:09 PM org.apache.openejb.util.OptionsLog info
INFO: Using 'openejb.jdbc.datasource-creator=org.apache.tomee.jdbc.TomEEDataSourceCreator'
Jan 15, 2017 5:31:09 PM org.apache.openejb.OpenEJB$Instance <init>
INFO: ********************************************************************************
Jan 15, 2017 5:31:09 PM org.apache.openejb.OpenEJB$Instance <init>
INFO: OpenEJB http://openejb.apache.org/
Jan 15, 2017 5:31:09 PM org.apache.openejb.OpenEJB$Instance <init>
INFO: Startup: Sun Jan 15 17:31:09 IST 2017
Jan 15, 2017 5:31:09 PM org.apache.openejb.OpenEJB$Instance <init>
INFO: Copyright 1999-2013 (C) Apache OpenEJB Project, All Rights Reserved.
Jan 15, 2017 5:31:09 PM org.apache.openejb.OpenEJB$Instance <init>
INFO: Version: 4.7.1
Jan 15, 2017 5:31:09 PM org.apache.openejb.OpenEJB$Instance <init>
INFO: Build date: 20140912
Jan 15, 2017 5:31:09 PM org.apache.openejb.OpenEJB$Instance <init>
INFO: Build time: 01:43
Jan 15, 2017 5:31:09 PM org.apache.openejb.OpenEJB$Instance <init>
INFO: ********************************************************************************
Jan 15, 2017 5:31:09 PM org.apache.openejb.OpenEJB$Instance <init>
INFO: openejb.home = C:\Users\Erez.Guy\Desktop\Option1\trunk\local-runtime\apache-tomee-jaxrs-1.7.1
Jan 15, 2017 5:31:09 PM org.apache.openejb.OpenEJB$Instance <init>
INFO: openejb.base = C:\Users\Erez.Guy\Desktop\Option1\trunk\local-runtime\apache-tomee-jaxrs-1.7.1
Jan 15, 2017 5:31:09 PM org.apache.openejb.cdi.CdiBuilder initializeOWB
INFO: Created new singletonService org.apache.openejb.cdi.ThreadSingletonServiceImpl@1ffaf86
Jan 15, 2017 5:31:09 PM org.apache.openejb.cdi.CdiBuilder initializeOWB
INFO: Succeeded in installing singleton service
Jan 15, 2017 5:31:09 PM org.apache.openejb.config.ConfigurationFactory init
INFO: openejb configuration file is 'C:\Users\Erez.Guy\Desktop\Option1\trunk\local-runtime\apache-tomee-jaxrs-1.7.1\conf\tomee.xml'
Jan 15, 2017 5:31:09 PM org.apache.openejb.config.ConfigurationFactory configureService
INFO: Configuring Service(id=Tomcat Security Service, type=SecurityService, provider-id=Tomcat Security Service)
Jan 15, 2017 5:31:09 PM org.apache.openejb.config.ConfigurationFactory configureService
INFO: Configuring Service(id=Default Transaction Manager, type=TransactionManager, provider-id=Default Transaction Manager)
Jan 15, 2017 5:31:09 PM org.apache.openejb.config.ConfigurationFactory configureService
INFO: Configuring Service(id=mes, type=Resource, provider-id=Default Executor Service)
Jan 15, 2017 5:31:09 PM org.apache.openejb.config.ConfigurationFactory configureService
INFO: Configuring Service(id=IM Singleton Container, type=Container, provider-id=Default Singleton Container)
Jan 15, 2017 5:31:09 PM org.apache.openejb.config.ConfigurationFactory configureService
INFO: Configuring Service(id=IM Stateful Container, type=Container, provider-id=Default Stateful Container)
Jan 15, 2017 5:31:09 PM org.apache.openejb.config.ConfigurationFactory configureService
INFO: Configuring Service(id=IM Stateless Container, type=Container, provider-id=Default Stateless Container)
Jan 15, 2017 5:31:09 PM org.apache.openejb.util.OptionsLog info
INFO: Using 'openejb.system.apps=true'
Jan 15, 2017 5:31:09 PM org.apache.openejb.config.ConfigurationFactory configureApplication
INFO: Configuring enterprise application: openejb
Jan 15, 2017 5:31:10 PM org.apache.openejb.config.InitEjbDeployments deploy
INFO: Using openejb.deploymentId.format '{ejbName}'
Jan 15, 2017 5:31:10 PM org.apache.openejb.config.InitEjbDeployments deploy
INFO: Auto-deploying ejb openejb/Deployer: EjbDeployment(deployment-id=openejb/Deployer)
Jan 15, 2017 5:31:10 PM org.apache.openejb.config.InitEjbDeployments deploy
INFO: Auto-deploying ejb openejb/ConfigurationInfo: EjbDeployment(deployment-id=openejb/ConfigurationInfo)
Jan 15, 2017 5:31:10 PM org.apache.openejb.config.InitEjbDeployments deploy
INFO: Auto-deploying ejb MEJB: EjbDeployment(deployment-id=MEJB)
Jan 15, 2017 5:31:10 PM org.apache.openejb.config.AppInfoBuilder build
INFO: Enterprise application "openejb" loaded.
Jan 15, 2017 5:31:10 PM org.apache.openejb.assembler.classic.Assembler createRecipe
INFO: Creating TransactionManager(id=Default Transaction Manager)
Jan 15, 2017 5:31:10 PM org.apache.openejb.assembler.classic.Assembler createRecipe
INFO: Creating SecurityService(id=Tomcat Security Service)
Jan 15, 2017 5:31:10 PM org.apache.openejb.assembler.classic.Assembler createRecipe
INFO: Creating Resource(id=mes)
Jan 15, 2017 5:31:10 PM org.apache.openejb.assembler.classic.Assembler logUnusedProperties
WARNING: Property "WaitAtShutdown" not supported by "mes"
Jan 15, 2017 5:31:10 PM org.apache.openejb.assembler.classic.Assembler createRecipe
INFO: Creating Container(id=IM Singleton Container)
Jan 15, 2017 5:31:10 PM org.apache.openejb.assembler.classic.Assembler createRecipe
INFO: Creating Container(id=IM Stateful Container)
Jan 15, 2017 5:31:10 PM org.apache.openejb.core.stateful.SimplePassivater init
INFO: Using directory C:\Users\Erez.Guy\Desktop\Option1\trunk\local-runtime\apache-tomee-jaxrs-1.7.1\temp for stateful session passivation
Jan 15, 2017 5:31:10 PM org.apache.openejb.assembler.classic.Assembler createRecipe
INFO: Creating Container(id=IM Stateless Container)
Jan 15, 2017 5:31:10 PM org.apache.openejb.assembler.classic.Assembler createApplication
INFO: Assembling app: openejb
Jan 15, 2017 5:31:10 PM org.apache.openejb.util.OptionsLog info
INFO: Using 'openejb.jndiname.format={deploymentId}{interfaceType.openejbLegacyName}'
Jan 15, 2017 5:31:10 PM org.apache.openejb.assembler.classic.JndiBuilder bind
INFO: Jndi(name=openejb/DeployerBusinessRemote) --> Ejb(deployment-id=openejb/Deployer)
Jan 15, 2017 5:31:10 PM org.apache.openejb.assembler.classic.JndiBuilder bind
INFO: Jndi(name=global/openejb/openejb/Deployer!org.apache.openejb.assembler.Deployer) --> Ejb(deployment-id=openejb/Deployer)
Jan 15, 2017 5:31:10 PM org.apache.openejb.assembler.classic.JndiBuilder bind
INFO: Jndi(name=global/openejb/openejb/Deployer) --> Ejb(deployment-id=openejb/Deployer)
Jan 15, 2017 5:31:10 PM org.apache.openejb.assembler.classic.JndiBuilder bind
INFO: Jndi(name=openejb/ConfigurationInfoBusinessRemote) --> Ejb(deployment-id=openejb/ConfigurationInfo)
Jan 15, 2017 5:31:10 PM org.apache.openejb.assembler.classic.JndiBuilder bind
INFO: Jndi(name=global/openejb/openejb/ConfigurationInfo!org.apache.openejb.assembler.classic.cmd.ConfigurationInfo) --> Ejb(deployment-id=openejb/ConfigurationInfo)
Jan 15, 2017 5:31:10 PM org.apache.openejb.assembler.classic.JndiBuilder bind
INFO: Jndi(name=global/openejb/openejb/ConfigurationInfo) --> Ejb(deployment-id=openejb/ConfigurationInfo)
Jan 15, 2017 5:31:10 PM org.apache.openejb.assembler.classic.JndiBuilder bind
INFO: Jndi(name=MEJB) --> Ejb(deployment-id=MEJB)
Jan 15, 2017 5:31:10 PM org.apache.openejb.assembler.classic.JndiBuilder bind
INFO: Jndi(name=global/openejb/MEJB!javax.management.j2ee.ManagementHome) --> Ejb(deployment-id=MEJB)
Jan 15, 2017 5:31:10 PM org.apache.openejb.assembler.classic.JndiBuilder bind
INFO: Jndi(name=global/openejb/MEJB) --> Ejb(deployment-id=MEJB)
Jan 15, 2017 5:31:10 PM org.apache.openejb.assembler.classic.Assembler startEjbs
INFO: Created Ejb(deployment-id=MEJB, ejb-name=MEJB, container=IM Stateless Container)
Jan 15, 2017 5:31:10 PM org.apache.openejb.assembler.classic.Assembler startEjbs
INFO: Created Ejb(deployment-id=openejb/ConfigurationInfo, ejb-name=openejb/ConfigurationInfo, container=IM Stateless Container)
Jan 15, 2017 5:31:10 PM org.apache.openejb.assembler.classic.Assembler startEjbs
INFO: Created Ejb(deployment-id=openejb/Deployer, ejb-name=openejb/Deployer, container=IM Stateless Container)
Jan 15, 2017 5:31:10 PM org.apache.openejb.assembler.classic.Assembler startEjbs
INFO: Started Ejb(deployment-id=MEJB, ejb-name=MEJB, container=IM Stateless Container)
Jan 15, 2017 5:31:10 PM org.apache.openejb.assembler.classic.Assembler startEjbs
INFO: Started Ejb(deployment-id=openejb/ConfigurationInfo, ejb-name=openejb/ConfigurationInfo, container=IM Stateless Container)
Jan 15, 2017 5:31:10 PM org.apache.openejb.assembler.classic.Assembler startEjbs
INFO: Started Ejb(deployment-id=openejb/Deployer, ejb-name=openejb/Deployer, container=IM Stateless Container)
Jan 15, 2017 5:31:10 PM org.apache.openejb.assembler.classic.Assembler deployMBean
INFO: Deployed MBean(openejb.user.mbeans:application=openejb,group=org.apache.openejb.assembler.monitoring,name=JMXDeployer)
Jan 15, 2017 5:31:10 PM org.apache.openejb.assembler.classic.Assembler createApplication
INFO: Deployed Application(path=openejb)
Jan 15, 2017 5:31:10 PM org.apache.openejb.server.ServiceManager initServer
INFO: Creating ServerService(id=cxf-rs)
Jan 15, 2017 5:31:10 PM org.apache.openejb.server.SimpleServiceManager start
INFO:   ** Bound Services **
Jan 15, 2017 5:31:10 PM org.apache.openejb.server.SimpleServiceManager printRow
INFO:   NAME                 IP              PORT  
Jan 15, 2017 5:31:10 PM org.apache.openejb.server.SimpleServiceManager start
INFO: -------
Jan 15, 2017 5:31:10 PM org.apache.openejb.server.SimpleServiceManager start
INFO: Ready!
Jan 15, 2017 5:31:10 PM org.apache.catalina.startup.Catalina load
INFO: Initialization processed in 3405 ms
Jan 15, 2017 5:31:10 PM org.apache.tomee.catalina.OpenEJBNamingContextListener bindResource
INFO: Importing a Tomcat Resource with id 'UserDatabase' of type 'org.apache.catalina.UserDatabase'.
Jan 15, 2017 5:31:10 PM org.apache.openejb.assembler.classic.Assembler createRecipe
INFO: Creating Resource(id=UserDatabase)
Jan 15, 2017 5:31:10 PM org.apache.catalina.core.StandardService startInternal
INFO: Starting service Catalina
Jan 15, 2017 5:31:10 PM org.apache.catalina.core.StandardEngine startInternal
INFO: Starting Servlet Engine: Apache Tomcat (TomEE)/7.0.55 (1.7.1)
Jan 15, 2017 5:31:10 PM org.apache.catalina.startup.HostConfig deployWAR
INFO: Deploying web application archive C:\Users\Erez.Guy\Desktop\Option1\trunk\local-runtime\apache-tomee-jaxrs-1.7.1\webapps\backoffice.war
Jan 15, 2017 5:31:10 PM org.apache.tomee.catalina.TomcatWebAppBuilder init
INFO: ------------------------- localhost -> /backoffice
Jan 15, 2017 5:31:11 PM org.apache.openejb.config.ConfigurationFactory configureApplication
INFO: Configuring enterprise application: C:\Users\Erez.Guy\Desktop\Option1\trunk\local-runtime\apache-tomee-jaxrs-1.7.1\webapps\backoffice
Jan 15, 2017 5:31:11 PM org.apache.openejb.config.AppInfoBuilder build
INFO: Enterprise application "C:\Users\Erez.Guy\Desktop\Option1\trunk\local-runtime\apache-tomee-jaxrs-1.7.1\webapps\backoffice" loaded.
Jan 15, 2017 5:31:11 PM org.apache.openejb.assembler.classic.Assembler createApplication
INFO: Assembling app: C:\Users\Erez.Guy\Desktop\Option1\trunk\local-runtime\apache-tomee-jaxrs-1.7.1\webapps\backoffice
Jan 15, 2017 5:31:11 PM org.apache.openejb.cdi.CdiBuilder initSingleton
INFO: Existing thread singleton service in SystemInstance(): org.apache.openejb.cdi.ThreadSingletonServiceImpl@1ffaf86
Jan 15, 2017 5:31:11 PM org.apache.openejb.cdi.OpenEJBLifecycle startApplication
INFO: OpenWebBeans Container is starting...
Jan 15, 2017 5:31:11 PM org.apache.webbeans.plugins.PluginLoader startUp
INFO: Adding OpenWebBeansPlugin : [CdiPlugin]
Jan 15, 2017 5:31:11 PM org.apache.webbeans.plugins.PluginLoader startUp
INFO: Adding OpenWebBeansPlugin : [OpenWebBeansJsfPlugin]
Jan 15, 2017 5:31:11 PM org.apache.webbeans.config.BeansDeployer validateInjectionPoints
INFO: All injection points were validated successfully.
Jan 15, 2017 5:31:11 PM org.apache.openejb.cdi.OpenEJBLifecycle startApplication
INFO: OpenWebBeans Container has started, it took 158 ms.
Jan 15, 2017 5:31:11 PM org.apache.openejb.assembler.classic.Assembler createApplication
INFO: Deployed Application(path=C:\Users\Erez.Guy\Desktop\Option1\trunk\local-runtime\apache-tomee-jaxrs-1.7.1\webapps\backoffice)
Jan 15, 2017 5:31:11 PM org.apache.catalina.startup.HostConfig deployWAR
INFO: Deployment of web application archive C:\Users\Erez.Guy\Desktop\Option1\trunk\local-runtime\apache-tomee-jaxrs-1.7.1\webapps\backoffice.war has finished in 928 ms
Jan 15, 2017 5:31:11 PM org.apache.catalina.startup.HostConfig deployWAR
INFO: Deploying web application archive C:\Users\Erez.Guy\Desktop\Option1\trunk\local-runtime\apache-tomee-jaxrs-1.7.1\webapps\scouter.war
Jan 15, 2017 5:31:11 PM org.apache.tomee.catalina.TomcatWebAppBuilder init
INFO: ------------------------- localhost -> /scouter
Jan 15, 2017 5:31:13 PM org.apache.openejb.config.ConfigurationFactory configureApplication
INFO: Configuring enterprise application: C:\Users\Erez.Guy\Desktop\Option1\trunk\local-runtime\apache-tomee-jaxrs-1.7.1\webapps\scouter
Jan 15, 2017 5:31:13 PM org.apache.openejb.config.InitEjbDeployments deploy
INFO: Auto-deploying ejb MessagesLogicImpl: EjbDeployment(deployment-id=MessagesLogicImpl)
Jan 15, 2017 5:31:13 PM org.apache.openejb.config.ConfigurationFactory configureService
INFO: Configuring Service(id=Default Managed Container, type=Container, provider-id=Default Managed Container)
Jan 15, 2017 5:31:13 PM org.apache.openejb.config.AutoConfig createContainer
INFO: Auto-creating a container for bean scouter.Comp554656280: Container(type=MANAGED, id=Default Managed Container)
Jan 15, 2017 5:31:13 PM org.apache.openejb.assembler.classic.Assembler createRecipe
INFO: Creating Container(id=Default Managed Container)
Jan 15, 2017 5:31:13 PM org.apache.openejb.core.managed.SimplePassivater init
INFO: Using directory C:\Users\Erez.Guy\Desktop\Option1\trunk\local-runtime\apache-tomee-jaxrs-1.7.1\temp for stateful session passivation
Jan 15, 2017 5:31:13 PM org.apache.openejb.config.AutoConfig deploy
INFO: Configuring PersistenceUnit(name=scouter-pu, provider=org.apache.openjpa.persistence.PersistenceProviderImpl)
Jan 15, 2017 5:31:13 PM org.apache.openejb.config.ConfigurationFactory configureService
INFO: Configuring Service(id=Default JDBC Database, type=Resource, provider-id=Default JDBC Database)
Jan 15, 2017 5:31:13 PM org.apache.openejb.config.AutoConfig logAutoCreateResource
INFO: Auto-creating a Resource with id 'Default JDBC Database' of type 'DataSource for 'scouter-pu'.
Jan 15, 2017 5:31:13 PM org.apache.openejb.assembler.classic.Assembler createRecipe
INFO: Creating Resource(id=Default JDBC Database)
Jan 15, 2017 5:31:13 PM org.apache.tomee.jdbc.TomEEDataSourceCreator$TomEEDataSource readOnly
INFO: Disabling testOnBorrow since no validation query is provided
Jan 15, 2017 5:31:13 PM org.apache.openejb.config.ConfigurationFactory configureService
INFO: Configuring Service(id=Default Unmanaged JDBC Database, type=Resource, provider-id=Default Unmanaged JDBC Database)
Jan 15, 2017 5:31:13 PM org.apache.openejb.config.AutoConfig logAutoCreateResource
INFO: Auto-creating a Resource with id 'Default Unmanaged JDBC Database' of type 'DataSource for 'scouter-pu'.
Jan 15, 2017 5:31:13 PM org.apache.openejb.assembler.classic.Assembler createRecipe
INFO: Creating Resource(id=Default Unmanaged JDBC Database)
Jan 15, 2017 5:31:13 PM org.apache.tomee.jdbc.TomEEDataSourceCreator$TomEEDataSource readOnly
INFO: Disabling testOnBorrow since no validation query is provided
Jan 15, 2017 5:31:13 PM org.apache.openejb.config.AutoConfig setJtaDataSource
INFO: Adjusting PersistenceUnit scouter-pu <jta-data-source> to Resource ID 'Default JDBC Database' from 'scouterDataSource'
Jan 15, 2017 5:31:13 PM org.apache.openejb.config.AutoConfig setNonJtaDataSource
INFO: Adjusting PersistenceUnit scouter-pu <non-jta-data-source> to Resource ID 'Default Unmanaged JDBC Database' from 'null'
Jan 15, 2017 5:31:13 PM org.apache.openejb.config.AppInfoBuilder build
INFO: Enterprise application "C:\Users\Erez.Guy\Desktop\Option1\trunk\local-runtime\apache-tomee-jaxrs-1.7.1\webapps\scouter" loaded.
Jan 15, 2017 5:31:13 PM org.apache.openejb.assembler.classic.Assembler createApplication
INFO: Assembling app: C:\Users\Erez.Guy\Desktop\Option1\trunk\local-runtime\apache-tomee-jaxrs-1.7.1\webapps\scouter
Jan 15, 2017 5:31:13 PM org.apache.openejb.assembler.classic.ReloadableEntityManagerFactory createDelegate
INFO: PersistenceUnit(name=scouter-pu, provider=org.apache.openjpa.persistence.PersistenceProviderImpl) - provider time 345ms
Jan 15, 2017 5:31:13 PM org.apache.openejb.assembler.classic.JndiBuilder bind
INFO: Jndi(name=MessagesLogicImplLocal) --> Ejb(deployment-id=MessagesLogicImpl)
Jan 15, 2017 5:31:13 PM org.apache.openejb.assembler.classic.JndiBuilder bind
INFO: Jndi(name=global/scouter/MessagesLogicImpl!com.scouter.logic.MessagesLogic) --> Ejb(deployment-id=MessagesLogicImpl)
Jan 15, 2017 5:31:13 PM org.apache.openejb.assembler.classic.JndiBuilder bind
INFO: Jndi(name=global/scouter/MessagesLogicImpl) --> Ejb(deployment-id=MessagesLogicImpl)
Jan 15, 2017 5:31:13 PM org.apache.openejb.cdi.CdiBuilder initSingleton
INFO: Existing thread singleton service in SystemInstance(): org.apache.openejb.cdi.ThreadSingletonServiceImpl@1ffaf86
Jan 15, 2017 5:31:13 PM org.apache.openejb.cdi.OpenEJBLifecycle startApplication
INFO: OpenWebBeans Container is starting...
Jan 15, 2017 5:31:13 PM org.apache.webbeans.plugins.PluginLoader startUp
INFO: Adding OpenWebBeansPlugin : [CdiPlugin]
Jan 15, 2017 5:31:13 PM org.apache.webbeans.plugins.PluginLoader startUp
INFO: Adding OpenWebBeansPlugin : [OpenWebBeansJsfPlugin]
Jan 15, 2017 5:31:14 PM org.apache.webbeans.config.BeansDeployer validateInjectionPoints
INFO: All injection points were validated successfully.
Jan 15, 2017 5:31:14 PM org.apache.openejb.cdi.OpenEJBLifecycle startApplication
INFO: OpenWebBeans Container has started, it took 384 ms.
Jan 15, 2017 5:31:14 PM org.apache.openejb.assembler.classic.Assembler startEjbs
INFO: Created Ejb(deployment-id=MessagesLogicImpl, ejb-name=MessagesLogicImpl, container=IM Stateless Container)
Jan 15, 2017 5:31:14 PM org.apache.openejb.assembler.classic.Assembler startEjbs
INFO: Started Ejb(deployment-id=MessagesLogicImpl, ejb-name=MessagesLogicImpl, container=IM Stateless Container)
Jan 15, 2017 5:31:14 PM org.apache.openejb.assembler.classic.Assembler createApplication
INFO: Deployed Application(path=C:\Users\Erez.Guy\Desktop\Option1\trunk\local-runtime\apache-tomee-jaxrs-1.7.1\webapps\scouter)
Jan 15, 2017 5:31:14 PM com.scouter.commons.services.APIBase toMap
INFO: > Listing namespace: java:
Jan 15, 2017 5:31:14 PM com.scouter.commons.services.APIBase toMap
INFO: > Looking up name: java:app
Jan 15, 2017 5:31:14 PM com.scouter.commons.services.APIBase toMap
INFO: > Listing namespace: 
Jan 15, 2017 5:31:14 PM com.scouter.commons.services.APIBase toMap
INFO: > Looking up name: scouter
Jan 15, 2017 5:31:14 PM com.scouter.commons.services.APIBase toMap
INFO: > Listing namespace: 
Jan 15, 2017 5:31:14 PM com.scouter.commons.services.APIBase toMap
INFO: > Looking up name: MessagesLogicImpl
Jan 15, 2017 5:31:14 PM com.scouter.commons.services.APIBase toMap
INFO: > Looking up name: MessagesLogicImpl!com.scouter.logic.MessagesLogic
Jan 15, 2017 5:31:14 PM com.scouter.commons.services.APIBase toMap
INFO: > Looking up name: BeanManager
Jan 15, 2017 5:31:14 PM com.scouter.commons.services.APIBase toMap
INFO: > Looking up name: AppName
Jan 15, 2017 5:31:14 PM com.scouter.commons.services.APIBase toMap
INFO: > Looking up name: java:comp
Jan 15, 2017 5:31:14 PM com.scouter.commons.services.APIBase toMap
INFO: > Listing namespace: 
Jan 15, 2017 5:31:14 PM com.scouter.commons.services.APIBase toMap
INFO: > Looking up name: UserTransaction
Jan 15, 2017 5:31:14 PM com.scouter.commons.services.APIBase toMap
INFO: > Looking up name: HandleDelegate
Jan 15, 2017 5:31:14 PM com.scouter.commons.services.APIBase toMap
INFO: > Looking up name: ValidatorFactory
Jan 15, 2017 5:31:14 PM com.scouter.commons.services.APIBase toMap
INFO: > Looking up name: TransactionManager
Jan 15, 2017 5:31:14 PM com.scouter.commons.services.APIBase toMap
INFO: > Looking up name: TransactionSynchronizationRegistry
Jan 15, 2017 5:31:14 PM com.scouter.commons.services.APIBase toMap
INFO: > Looking up name: ComponentName
Jan 15, 2017 5:31:14 PM com.scouter.commons.services.APIBase toMap
INFO: > Looking up name: Resources
Jan 15, 2017 5:31:14 PM com.scouter.commons.services.APIBase toMap
INFO: > Listing namespace: 
Jan 15, 2017 5:31:14 PM com.scouter.commons.services.APIBase toMap
INFO: > Looking up name: META-INF
Jan 15, 2017 5:31:14 PM com.scouter.commons.services.APIBase toMap
INFO: > Listing namespace: 
Jan 15, 2017 5:31:14 PM com.scouter.commons.services.APIBase toMap
INFO: > Looking up name: MANIFEST.MF
Jan 15, 2017 5:31:14 PM com.scouter.commons.services.APIBase toMap
INFO: > Looking up name: WEB-INF
Jan 15, 2017 5:31:14 PM com.scouter.commons.services.APIBase toMap
INFO: > Listing namespace: 
Jan 15, 2017 5:31:14 PM com.scouter.commons.services.APIBase toMap
INFO: > Looking up name: lib
Jan 15, 2017 5:31:14 PM com.scouter.commons.services.APIBase toMap
INFO: > Listing namespace: 
Jan 15, 2017 5:31:14 PM com.scouter.commons.services.APIBase toMap
INFO: > Looking up name: bcprov-jdk15on-151.jar
Jan 15, 2017 5:31:14 PM com.scouter.commons.services.APIBase toMap
INFO: > Looking up name: catalina.jar
Jan 15, 2017 5:31:14 PM com.scouter.commons.services.APIBase toMap
INFO: > Looking up name: commons-beanutils-1.8.3.jar
Jan 15, 2017 5:31:14 PM com.scouter.commons.services.APIBase toMap
INFO: > Looking up name: commons-codec-1.6.jar
Jan 15, 2017 5:31:14 PM com.scouter.commons.services.APIBase toMap
INFO: > Looking up name: commons-configuration-1.6.jar
Jan 15, 2017 5:31:14 PM com.scouter.commons.services.APIBase toMap
INFO: > Looking up name: commons-email-1.3.3.jar
Jan 15, 2017 5:31:14 PM com.scouter.commons.services.APIBase toMap
INFO: > Looking up name: commons-io-2.5.jar
Jan 15, 2017 5:31:14 PM com.scouter.commons.services.APIBase toMap
INFO: > Looking up name: commons-lang3-3.1.jar
Jan 15, 2017 5:31:14 PM com.scouter.commons.services.APIBase toMap
INFO: > Looking up name: commons-logging-1.1.3.jar
Jan 15, 2017 5:31:14 PM com.scouter.commons.services.APIBase toMap
INFO: > Looking up name: commons-net-3.4.jar
Jan 15, 2017 5:31:14 PM com.scouter.commons.services.APIBase toMap
INFO: > Looking up name: commons.jar
Jan 15, 2017 5:31:14 PM com.scouter.commons.services.APIBase toMap
INFO: > Looking up name: dozer-5.4.0.jar
Jan 15, 2017 5:31:14 PM com.scouter.commons.services.APIBase toMap
INFO: > Looking up name: fluent-hc-4.3.6.jar
Jan 15, 2017 5:31:14 PM com.scouter.commons.services.APIBase toMap
INFO: > Looking up name: gson-2.2.4.jar
Jan 15, 2017 5:31:14 PM com.scouter.commons.services.APIBase toMap
INFO: > Looking up name: guava-18.0.jar
Jan 15, 2017 5:31:14 PM com.scouter.commons.services.APIBase toMap
INFO: > Looking up name: hazelcast-all-3.2.jar
Jan 15, 2017 5:31:14 PM com.scouter.commons.services.APIBase toMap
INFO: > Looking up name: httpclient-4.3.6.jar
Jan 15, 2017 5:31:14 PM com.scouter.commons.services.APIBase toMap
INFO: > Looking up name: httpclient-cache-4.3.6.jar
Jan 15, 2017 5:31:14 PM com.scouter.commons.services.APIBase toMap
INFO: > Looking up name: httpcore-4.3.3.jar
Jan 15, 2017 5:31:14 PM com.scouter.commons.services.APIBase toMap
INFO: > Looking up name: httpmime-4.3.6.jar
Jan 15, 2017 5:31:14 PM com.scouter.commons.services.APIBase toMap
INFO: > Looking up name: jcl-over-slf4j-1.6.6.jar
Jan 15, 2017 5:31:14 PM com.scouter.commons.services.APIBase toMap
INFO: > Looking up name: joda-time-2.3.jar
Jan 15, 2017 5:31:14 PM com.scouter.commons.services.APIBase toMap
INFO: > Looking up name: mysql-connector-java-5.1.39-bin.jar
Jan 15, 2017 5:31:14 PM com.scouter.commons.services.APIBase toMap
INFO: > Looking up name: scouter-commons-1.0.jar
Jan 15, 2017 5:31:14 PM com.scouter.commons.services.APIBase toMap
INFO: > Looking up name: scouter-dao-1.0.jar
Jan 15, 2017 5:31:14 PM com.scouter.commons.services.APIBase toMap
INFO: > Looking up name: scouter-logic-1.0.jar
Jan 15, 2017 5:31:14 PM com.scouter.commons.services.APIBase toMap
INFO: > Looking up name: scouter-services-1.0.jar
Jan 15, 2017 5:31:15 PM com.scouter.commons.services.APIBase toMap
INFO: > Looking up name: shared-1.0.jar
Jan 15, 2017 5:31:15 PM com.scouter.commons.services.APIBase toMap
INFO: > Looking up name: slf4j-api-1.7.5.jar
Jan 15, 2017 5:31:15 PM com.scouter.commons.services.APIBase toMap
INFO: > Looking up name: snmp4j-2.5.0.jar
Jan 15, 2017 5:31:15 PM com.scouter.commons.services.APIBase toMap
INFO: > Looking up name: sqljdbc4.jar
Jan 15, 2017 5:31:15 PM com.scouter.commons.services.APIBase toMap
INFO: > Looking up name: super-csv-2.3.1.jar
Jan 15, 2017 5:31:15 PM com.scouter.commons.services.APIBase toMap
INFO: > Looking up name: super-csv-dozer-2.3.1.jar
Jan 15, 2017 5:31:15 PM com.scouter.commons.services.APIBase toMap
INFO: > Looking up name: urlrewritefilter-4.0.3.jar
Jan 15, 2017 5:31:15 PM com.scouter.commons.services.APIBase toMap
INFO: > Looking up name: urlrewrite.xml
Jan 15, 2017 5:31:15 PM com.scouter.commons.services.APIBase toMap
INFO: > Looking up name: web.xml
Jan 15, 2017 5:31:15 PM com.scouter.commons.services.APIBase toMap
INFO: > Looking up name: env
Jan 15, 2017 5:31:15 PM com.scouter.commons.services.APIBase toMap
INFO: > Listing namespace: 
Jan 15, 2017 5:31:15 PM com.scouter.commons.services.APIBase toMap
INFO: > Looking up name: comp
Jan 15, 2017 5:31:15 PM com.scouter.commons.services.APIBase toMap
INFO: > Listing namespace: 
Jan 15, 2017 5:31:15 PM com.scouter.commons.services.APIBase toMap
INFO: > Looking up name: ValidatorFactory
Jan 15, 2017 5:31:15 PM com.scouter.commons.services.APIBase toMap
INFO: > Looking up name: TransactionManager
Jan 15, 2017 5:31:15 PM com.scouter.commons.services.APIBase toMap
INFO: > Looking up name: TransactionSynchronizationRegistry
Jan 15, 2017 5:31:15 PM com.scouter.commons.services.APIBase toMap
INFO: > Looking up name: ComponentName
Jan 15, 2017 5:31:15 PM com.scouter.commons.services.APIBase toMap
INFO: > Looking up name: BeanManager
Jan 15, 2017 5:31:15 PM com.scouter.commons.services.APIBase toMap
INFO: > Looking up name: Validator
Jan 15, 2017 5:31:15 PM com.scouter.commons.services.APIBase toMap
INFO: > Looking up name: module
Jan 15, 2017 5:31:15 PM com.scouter.commons.services.APIBase toMap
INFO: > Listing namespace: 
Jan 15, 2017 5:31:15 PM com.scouter.commons.services.APIBase toMap
INFO: > Looking up name: ModuleName
Jan 15, 2017 5:31:15 PM com.scouter.commons.services.APIBase toMap
INFO: > Looking up name: com.scouter.logic.MessagesLogicImpl
Jan 15, 2017 5:31:15 PM com.scouter.commons.services.APIBase toMap
INFO: > Listing namespace: 
Jan 15, 2017 5:31:15 PM com.scouter.commons.services.APIBase toMap
INFO: > Looking up name: entityManager
Jan 15, 2017 5:31:15 PM com.scouter.commons.services.APIBase toMap
INFO: > Looking up name: com.scouter.services.entrypoint.impl.MessagesServiceImpl
Jan 15, 2017 5:31:15 PM com.scouter.commons.services.APIBase toMap
INFO: > Listing namespace: 
Jan 15, 2017 5:31:15 PM com.scouter.commons.services.APIBase toMap
INFO: > Looking up name: req
Jan 15, 2017 5:31:15 PM com.scouter.commons.services.APIBase toMap
INFO: > Looking up name: BeanManager
Jan 15, 2017 5:31:15 PM com.scouter.commons.services.APIBase toMap
INFO: > Looking up name: ORB
Jan 15, 2017 5:31:15 PM com.scouter.commons.services.APIBase toMap
INFO: > Looking up name: Validator
Jan 15, 2017 5:31:15 PM com.scouter.commons.services.APIBase toMap
INFO: > Looking up name: java:module
Jan 15, 2017 5:31:15 PM com.scouter.commons.services.APIBase toMap
INFO: > Listing namespace: 
Jan 15, 2017 5:31:15 PM com.scouter.commons.services.APIBase toMap
INFO: > Looking up name: ModuleName
Jan 15, 2017 5:31:15 PM com.scouter.commons.services.APIBase toMap
INFO: > Looking up name: MessagesLogicImpl
Jan 15, 2017 5:31:15 PM com.scouter.commons.services.APIBase toMap
INFO: > Looking up name: MessagesLogicImpl!com.scouter.logic.MessagesLogic
Jan 15, 2017 5:31:15 PM com.scouter.commons.services.APIBase toMap
INFO: > Looking up name: java:global
Jan 15, 2017 5:31:15 PM com.scouter.commons.services.APIBase toMap
INFO: > Listing namespace: 
Jan 15, 2017 5:31:15 PM com.scouter.commons.services.APIBase toMap
INFO: > Looking up name: openejb
Jan 15, 2017 5:31:15 PM com.scouter.commons.services.APIBase toMap
INFO: > Listing namespace: 
Jan 15, 2017 5:31:15 PM com.scouter.commons.services.APIBase toMap
INFO: > Looking up name: openejb
Jan 15, 2017 5:31:15 PM com.scouter.commons.services.APIBase toMap
INFO: > Listing namespace: 
Jan 15, 2017 5:31:15 PM com.scouter.commons.services.APIBase toMap
INFO: > Looking up name: Deployer!org.apache.openejb.assembler.Deployer
Jan 15, 2017 5:31:15 PM com.scouter.commons.services.APIBase toMap
INFO: > Looking up name: ConfigurationInfo
Jan 15, 2017 5:31:15 PM com.scouter.commons.services.APIBase toMap
INFO: > Looking up name: ConfigurationInfo!org.apache.openejb.assembler.classic.cmd.ConfigurationInfo
Jan 15, 2017 5:31:15 PM com.scouter.commons.services.APIBase toMap
INFO: > Looking up name: Deployer
Jan 15, 2017 5:31:15 PM com.scouter.commons.services.APIBase toMap
INFO: > Looking up name: MEJB
Jan 15, 2017 5:31:15 PM com.scouter.commons.services.APIBase toMap
INFO: > Looking up name: MEJB!javax.management.j2ee.ManagementHome
Jan 15, 2017 5:31:15 PM com.scouter.commons.services.APIBase toMap
INFO: > Looking up name: scouter
Jan 15, 2017 5:31:15 PM com.scouter.commons.services.APIBase toMap
INFO: > Listing namespace: 
Jan 15, 2017 5:31:15 PM com.scouter.commons.services.APIBase toMap
INFO: > Looking up name: MessagesLogicImpl
Jan 15, 2017 5:31:15 PM com.scouter.commons.services.APIBase toMap
INFO: > Looking up name: MessagesLogicImpl!com.scouter.logic.MessagesLogic
Jan 15, 2017 5:31:15 PM com.scouter.commons.services.APIBase <init>
INFO: {"app":{"scouter":{"MessagesLogicImpl":"proxy\u003dcom.scouter.logic.MessagesLogic;deployment\u003dMessagesLogicImpl;pk\u003dnull","MessagesLogicImpl!com.scouter.logic.MessagesLogic":"proxy\u003dcom.scouter.logic.MessagesLogic;deployment\u003dMessagesLogicImpl;pk\u003dnull"},"BeanManager":"org.apache.webbeans.container.InjectableBeanManager@1a6e3285","AppName":"scouter"},"comp":{"UserTransaction":"org.apache.geronimo.transaction.manager.GeronimoTransactionManager@30a60902","HandleDelegate":"No HandleDelegate registered with the OpenEJB system","ValidatorFactory":"org.apache.bval.jsr303.ApacheValidatorFactory@7775cf50","TransactionManager":"org.apache.geronimo.transaction.manager.GeronimoTransactionManager@30a60902","TransactionSynchronizationRegistry":"org.apache.geronimo.transaction.manager.GeronimoTransactionManager@30a60902","ComponentName":"scouter","Resources":{"META-INF":{"MANIFEST.MF":"org.apache.naming.resources.FileDirContext$FileResource@725b3dbb"},"WEB-INF":{"urlrewrite.xml":"org.apache.naming.resources.FileDirContext$FileResource@546c4c79","lib":{"commons-codec-1.6.jar":"org.apache.naming.resources.FileDirContext$FileResource@5cfafca6","hazelcast-all-3.2.jar":"org.apache.naming.resources.FileDirContext$FileResource@59244ffc","httpcore-4.3.3.jar":"org.apache.naming.resources.FileDirContext$FileResource@45c2d9fa","scouter-commons-1.0.jar":"org.apache.naming.resources.FileDirContext$FileResource@26483bdf","urlrewritefilter-4.0.3.jar":"org.apache.naming.resources.FileDirContext$FileResource@1a1621ec","slf4j-api-1.7.5.jar":"org.apache.naming.resources.FileDirContext$FileResource@2da86fed","super-csv-2.3.1.jar":"org.apache.naming.resources.FileDirContext$FileResource@319b55c6","guava-18.0.jar":"org.apache.naming.resources.FileDirContext$FileResource@299ddc21","mysql-connector-java-5.1.39-bin.jar":"org.apache.naming.resources.FileDirContext$FileResource@9ad4d56","bcprov-jdk15on-151.jar":"org.apache.naming.resources.FileDirContext$FileResource@2e5f060d","commons-beanutils-1.8.3.jar":"org.apache.naming.resources.FileDirContext$FileResource@7767b114","super-csv-dozer-2.3.1.jar":"org.apache.naming.resources.FileDirContext$FileResource@5f22831f","httpmime-4.3.6.jar":"org.apache.naming.resources.FileDirContext$FileResource@3ee22511","joda-time-2.3.jar":"org.apache.naming.resources.FileDirContext$FileResource@5af352fb","commons-lang3-3.1.jar":"org.apache.naming.resources.FileDirContext$FileResource@6ac4d8f8","commons.jar":"org.apache.naming.resources.FileDirContext$FileResource@1a3bdf16","fluent-hc-4.3.6.jar":"org.apache.naming.resources.FileDirContext$FileResource@2d390941","scouter-logic-1.0.jar":"org.apache.naming.resources.FileDirContext$FileResource@3fe9d877","scouter-services-1.0.jar":"org.apache.naming.resources.FileDirContext$FileResource@5ccde521","commons-configuration-1.6.jar":"org.apache.naming.resources.FileDirContext$FileResource@a43e65a","httpclient-4.3.6.jar":"org.apache.naming.resources.FileDirContext$FileResource@3c323698","dozer-5.4.0.jar":"org.apache.naming.resources.FileDirContext$FileResource@5674d7b1","shared-1.0.jar":"org.apache.naming.resources.FileDirContext$FileResource@3bbcaba4","jcl-over-slf4j-1.6.6.jar":"org.apache.naming.resources.FileDirContext$FileResource@13c952a3","commons-io-2.5.jar":"org.apache.naming.resources.FileDirContext$FileResource@61d007a8","commons-net-3.4.jar":"org.apache.naming.resources.FileDirContext$FileResource@7b377a9f","gson-2.2.4.jar":"org.apache.naming.resources.FileDirContext$FileResource@6d1a7dfb","sqljdbc4.jar":"org.apache.naming.resources.FileDirContext$FileResource@6fa4221d","commons-logging-1.1.3.jar":"org.apache.naming.resources.FileDirContext$FileResource@7fa092cc","catalina.jar":"org.apache.naming.resources.FileDirContext$FileResource@2eb1f4dd","httpclient-cache-4.3.6.jar":"org.apache.naming.resources.FileDirContext$FileResource@2796140","snmp4j-2.5.0.jar":"org.apache.naming.resources.FileDirContext$FileResource@5cf3204f","scouter-dao-1.0.jar":"org.apache.naming.resources.FileDirContext$FileResource@7fcd39ff","commons-email-1.3.3.jar":"org.apache.naming.resources.FileDirContext$FileResource@2bf5ecd3"},"web.xml":"org.apache.naming.resources.FileDirContext$FileResource@3fb21657"}},"env":{"comp":{"ValidatorFactory":"Name \"Resource/comp/ValidatorFactory\" not found.","TransactionManager":"org.apache.geronimo.transaction.manager.GeronimoTransactionManager@30a60902","TransactionSynchronizationRegistry":"org.apache.geronimo.transaction.manager.GeronimoTransactionManager@30a60902","ComponentName":"scouter","BeanManager":"Name \"Resource/comp/BeanManager\" not found.","Validator":"Name \"Resource/comp/Validator\" not found."},"module":{"ModuleName":"scouter"},"com.scouter.logic.MessagesLogicImpl":{"entityManager":"org.apache.openejb.persistence.JtaEntityManager@7f5dd52d"},"com.scouter.services.entrypoint.impl.MessagesServiceImpl":{"req":"org.apache.openejb.rest.ThreadLocalHttpServletRequest@528fab3b"}},"BeanManager":"org.apache.webbeans.container.InjectableBeanManager@1a6e3285","ORB":"No ORB registered with the OpenEJB system","Validator":"org.apache.bval.jsr303.ClassValidator@2dbec2e4"},"module":{"ModuleName":"scouter","MessagesLogicImpl":"proxy\u003dcom.scouter.logic.MessagesLogic;deployment\u003dMessagesLogicImpl;pk\u003dnull","MessagesLogicImpl!com.scouter.logic.MessagesLogic":"proxy\u003dcom.scouter.logic.MessagesLogic;deployment\u003dMessagesLogicImpl;pk\u003dnull"},"global":{"scouter":{"MessagesLogicImpl":"proxy\u003dcom.scouter.logic.MessagesLogic;deployment\u003dMessagesLogicImpl;pk\u003dnull","MessagesLogicImpl!com.scouter.logic.MessagesLogic":"proxy\u003dcom.scouter.logic.MessagesLogic;deployment\u003dMessagesLogicImpl;pk\u003dnull"},"openejb":{"MEJB":"proxy\u003djavax.management.j2ee.Management;deployment\u003dMEJB;pk\u003dnull","openejb":{"Deployer":"proxy\u003dorg.apache.openejb.assembler.Deployer;deployment\u003dopenejb/Deployer;pk\u003dnull","Deployer!org.apache.openejb.assembler.Deployer":"proxy\u003dorg.apache.openejb.assembler.Deployer;deployment\u003dopenejb/Deployer;pk\u003dnull","ConfigurationInfo":"proxy\u003dorg.apache.openejb.assembler.classic.cmd.ConfigurationInfo;deployment\u003dopenejb/ConfigurationInfo;pk\u003dnull","ConfigurationInfo!org.apache.openejb.assembler.classic.cmd.ConfigurationInfo":"proxy\u003dorg.apache.openejb.assembler.classic.cmd.ConfigurationInfo;deployment\u003dopenejb/ConfigurationInfo;pk\u003dnull"},"MEJB!javax.management.j2ee.ManagementHome":"proxy\u003djavax.management.j2ee.Management;deployment\u003dMEJB;pk\u003dnull"}}}
Jan 15, 2017 5:31:15 PM org.apache.cxf.endpoint.ServerImpl initDestination
INFO: Setting the server's publish address to be /
Jan 15, 2017 5:31:15 PM org.apache.openejb.server.cxf.rs.CxfRsHttpListener configureFactory
INFO: Using providers:
Jan 15, 2017 5:31:15 PM org.apache.openejb.server.cxf.rs.CxfRsHttpListener configureFactory
INFO:      com.scouter.commons.util.GsonProvider@77a45d66
Jan 15, 2017 5:31:15 PM org.apache.openejb.server.cxf.rs.CxfRsHttpListener configureFactory
INFO:      com.scouter.commons.services.ExceptionHandler@7d2d9f82
Jan 15, 2017 5:31:15 PM org.apache.openejb.server.cxf.rs.CxfRsHttpListener configureFactory
INFO:      org.apache.openejb.server.cxf.rs.EJBAccessExceptionMapper@613ae06b
Jan 15, 2017 5:31:15 PM org.apache.openejb.server.cxf.rs.CxfRsHttpListener logEndpoints
INFO: REST Application: http://localhost:8080/scouter/                            -> org.apache.openejb.server.rest.InternalApplication
Jan 15, 2017 5:31:15 PM org.apache.openejb.server.cxf.rs.CxfRsHttpListener logEndpoints
INFO:      Service URI: http://localhost:8080/scouter/messagesService             -> Pojo com.scouter.services.entrypoint.impl.MessagesServiceImpl
Jan 15, 2017 5:31:15 PM org.apache.openejb.server.cxf.rs.CxfRsHttpListener logEndpoints
INFO:               GET http://localhost:8080/scouter/messagesService/getMessages ->      List getMessages(Object, int, int, String)                            
Jan 15, 2017 5:31:15 PM org.apache.openejb.server.cxf.rs.CxfRsHttpListener logEndpoints
INFO:               GET http://localhost:8080/scouter/messagesService/getMessages ->      List<AppGetMessages> getMessages(HttpServletRequest, int, int, String)
Jan 15, 2017 5:31:15 PM org.apache.catalina.startup.HostConfig deployWAR
INFO: Deployment of web application archive C:\Users\Erez.Guy\Desktop\Option1\trunk\local-runtime\apache-tomee-jaxrs-1.7.1\webapps\scouter.war has finished in 3,887 ms
Jan 15, 2017 5:31:15 PM org.apache.coyote.AbstractProtocol start
INFO: Starting ProtocolHandler ["http-bio-8080"]
Jan 15, 2017 5:31:15 PM org.apache.coyote.AbstractProtocol start
INFO: Starting ProtocolHandler ["ajp-bio-8009"]
Jan 15, 2017 5:31:15 PM org.apache.catalina.startup.Catalina start
INFO: Server startup in 4929 ms
Jan 15, 2017 5:31:27 PM org.apache.coyote.AbstractProtocol pause
INFO: Pausing ProtocolHandler ["http-bio-8080"]
Jan 15, 2017 5:31:27 PM org.apache.coyote.AbstractProtocol pause
INFO: Pausing ProtocolHandler ["ajp-bio-8009"]
Jan 15, 2017 5:31:28 PM org.apache.catalina.core.StandardService stopInternal
INFO: Stopping service Catalina
Jan 15, 2017 5:31:28 PM org.apache.openejb.assembler.classic.Assembler destroyApplication
INFO: Undeploying app: C:\Users\Erez.Guy\Desktop\Option1\trunk\local-runtime\apache-tomee-jaxrs-1.7.1\webapps\backoffice
Jan 15, 2017 5:31:28 PM com.scouter.commons.services.ServicesContextListener unRegisterSqlDrivers
INFO: Un-registering SQL drivers
Jan 15, 2017 5:31:28 PM com.scouter.commons.services.ServicesContextListener unRegisterSqlDrivers
INFO: Un-registering SQL driver org.apache.openejb.resource.jdbc.driver.AlternativeDriver@34b5f7c
Jan 15, 2017 5:31:28 PM com.scouter.commons.services.ServicesContextListener unRegisterSqlDrivers
INFO: Un-registering SQL driver org.apache.openejb.resource.jdbc.driver.AlternativeDriver@44af526c
Jan 15, 2017 5:31:28 PM com.scouter.commons.services.ServicesContextListener unRegisterSqlDrivers
INFO: Un-registering SQL driver org.hsqldb.jdbc.JDBCDriver@1c917a
Jan 15, 2017 5:31:28 PM org.apache.openejb.assembler.classic.Assembler destroyApplication
INFO: Undeploying app: C:\Users\Erez.Guy\Desktop\Option1\trunk\local-runtime\apache-tomee-jaxrs-1.7.1\webapps\scouter
Jan 15, 2017 5:31:28 PM org.apache.coyote.AbstractProtocol stop
INFO: Stopping ProtocolHandler ["http-bio-8080"]
Jan 15, 2017 5:31:28 PM org.apache.coyote.AbstractProtocol stop
INFO: Stopping ProtocolHandler ["ajp-bio-8009"]
Jan 15, 2017 5:31:28 PM org.apache.openejb.server.SimpleServiceManager stop
INFO: Stopping server services
Jan 15, 2017 5:31:28 PM org.apache.openejb.assembler.classic.Assembler destroyApplication
INFO: Undeploying app: openejb
Jan 15, 2017 5:31:28 PM org.apache.openejb.assembler.classic.Assembler destroyResource
INFO: Closing DataSource: Default JDBC Database
Jan 15, 2017 5:31:28 PM org.apache.openejb.assembler.classic.Assembler destroyResource
INFO: Closing DataSource: Default Unmanaged JDBC Database
Jan 15, 2017 5:31:28 PM org.apache.coyote.AbstractProtocol destroy
INFO: Destroying ProtocolHandler ["http-bio-8080"]
Jan 15, 2017 5:31:28 PM org.apache.coyote.AbstractProtocol destroy
INFO: Destroying ProtocolHandler ["ajp-bio-8009"]
